{"level":"DEBUG","ts":"2026-02-15T01:21:58.319+0530","caller":"initializer/manager.go:63","msg":"Local DB already initialized on manager"}
{"level":"WARN","ts":"2026-02-15T01:21:58.319+0530","caller":"initializer/manager.go:145","msg":"config folder does not exist"}
{"level":"ERROR","ts":"2026-02-15T01:21:58.320+0530","caller":"initializer/manager.go:154","msg":"policy file does not exist","path":"config/casbin_rbac_policy.csv","stacktrace":"github.com/aruncs31s/azf/initializer.(*Manager).InitCasbin\n\t/home/aruncs/go/pkg/mod/github.com/aruncs31s/azf@v0.0.9/initializer/manager.go:154\ngithub.com/aruncs31s/azf/initializer.NewAndInitManager\n\t/home/aruncs/go/pkg/mod/github.com/aruncs31s/azf@v0.0.9/initializer/manager.go:366\ngithub.com/aruncs31s/azf.InitAuthZModule\n\t/home/aruncs/go/pkg/mod/github.com/aruncs31s/azf@v0.0.9/authzframework.go:44\nmain.main\n\t/home/aruncs/Startups/Sooraj_Sirs/skvms/main.go:44\nruntime.main\n\t/usr/lib/go/src/runtime/proc.go:285"}
{"level":"INFO","ts":"2026-02-15T01:21:58.320+0530","caller":"initializer/manager.go:169","msg":"successfully copied default policy to","path":"config/casbin_rbac_policy.csv"}
{"level":"ERROR","ts":"2026-02-15T01:21:58.320+0530","caller":"initializer/manager.go:173","msg":"model file does not exist","path":"config/casbin_rbac_policy.csv","stacktrace":"github.com/aruncs31s/azf/initializer.(*Manager).InitCasbin\n\t/home/aruncs/go/pkg/mod/github.com/aruncs31s/azf@v0.0.9/initializer/manager.go:173\ngithub.com/aruncs31s/azf/initializer.NewAndInitManager\n\t/home/aruncs/go/pkg/mod/github.com/aruncs31s/azf@v0.0.9/initializer/manager.go:366\ngithub.com/aruncs31s/azf.InitAuthZModule\n\t/home/aruncs/go/pkg/mod/github.com/aruncs31s/azf@v0.0.9/authzframework.go:44\nmain.main\n\t/home/aruncs/Startups/Sooraj_Sirs/skvms/main.go:44\nruntime.main\n\t/usr/lib/go/src/runtime/proc.go:285"}
{"level":"INFO","ts":"2026-02-15T01:21:58.320+0530","caller":"initializer/manager.go:189","msg":"successfully copied default policy to","path":"config/casbin_rbac_model.conf"}
{"level":"INFO","ts":"2026-02-15T01:21:58.320+0530","caller":"initializer/manager.go:206","msg":"Casbin initialized on manager","policy":"config/casbin_rbac_policy.csv"}
{"level":"INFO","ts":"2026-02-15T01:21:58.320+0530","caller":"enterprise/setup.go:133","msg":"Route registry initialized"}
{"level":"INFO","ts":"2026-02-15T01:21:58.320+0530","caller":"enterprise/setup.go:161","msg":"Policy validator initialized","policy_file":"config/casbin_rbac_policy.csv"}
{"level":"INFO","ts":"2026-02-15T01:21:58.355+0530","caller":"enterprise/setup.go:176","msg":"Created authorization_audit_logs table"}
{"level":"INFO","ts":"2026-02-15T01:21:58.358+0530","caller":"enterprise/setup.go:184","msg":"Audit repository initialized","existing_logs":0}
{"level":"INFO","ts":"2026-02-15T01:21:58.358+0530","caller":"enterprise/setup.go:221","msg":"In-memory rate limiter initialized","default_limit":60,"burst_allowance":20}
{"level":"INFO","ts":"2026-02-15T01:21:58.358+0530","caller":"enterprise/setup.go:249","msg":"Enterprise auth middleware initialized","audit_logging":true,"rate_limiting":true,"deprecation_check":true}
{"level":"INFO","ts":"2026-02-15T01:21:58.358+0530","caller":"enterprise/setup.go:117","msg":"Enterprise authorization setup completed","environment":"development","audit_logging":true,"rate_limiting":true,"deprecation_check":true}
{"level":"WARN","ts":"2026-02-15T01:21:58.358+0530","caller":"enterprise/route_metadata_loader.go:24","msg":"No enterprise config provided using default config"}
{"level":"WARN","ts":"2026-02-15T01:21:58.358+0530","caller":"logger/logger.go:185","msg":"Enterprise route metadata config file not found, using compatibility mode","path":"application/routes/enterprise_route_metadata.json","error":"open application/routes/enterprise_route_metadata.json: no such file or directory"}
{"level":"WARN","ts":"2026-02-15T01:21:58.358+0530","caller":"logger/logger.go:185","msg":"Failed to load enterprise route metadata from config, enterprise authorization may be limited","error":"open application/routes/enterprise_route_metadata.json: no such file or directory"}
{"level":"DEBUG","ts":"2026-02-15T01:22:33.511+0530","caller":"initializer/manager.go:63","msg":"Local DB already initialized on manager"}
{"level":"INFO","ts":"2026-02-15T01:22:33.511+0530","caller":"initializer/manager.go:151","msg":"config folder exists"}
{"level":"INFO","ts":"2026-02-15T01:22:33.511+0530","caller":"initializer/manager.go:206","msg":"Casbin initialized on manager","policy":"config/casbin_rbac_policy.csv"}
{"level":"INFO","ts":"2026-02-15T01:22:33.511+0530","caller":"enterprise/setup.go:133","msg":"Route registry initialized"}
{"level":"INFO","ts":"2026-02-15T01:22:33.511+0530","caller":"enterprise/setup.go:161","msg":"Policy validator initialized","policy_file":"config/casbin_rbac_policy.csv"}
{"level":"INFO","ts":"2026-02-15T01:22:33.512+0530","caller":"enterprise/setup.go:184","msg":"Audit repository initialized","existing_logs":0}
{"level":"INFO","ts":"2026-02-15T01:22:33.512+0530","caller":"enterprise/setup.go:221","msg":"In-memory rate limiter initialized","default_limit":60,"burst_allowance":20}
{"level":"INFO","ts":"2026-02-15T01:22:33.512+0530","caller":"enterprise/setup.go:249","msg":"Enterprise auth middleware initialized","audit_logging":true,"rate_limiting":true,"deprecation_check":true}
{"level":"INFO","ts":"2026-02-15T01:22:33.512+0530","caller":"enterprise/setup.go:117","msg":"Enterprise authorization setup completed","environment":"development","audit_logging":true,"rate_limiting":true,"deprecation_check":true}
{"level":"WARN","ts":"2026-02-15T01:22:33.512+0530","caller":"enterprise/route_metadata_loader.go:24","msg":"No enterprise config provided using default config"}
{"level":"WARN","ts":"2026-02-15T01:22:33.512+0530","caller":"logger/logger.go:185","msg":"Enterprise route metadata config file not found, using compatibility mode","path":"application/routes/enterprise_route_metadata.json","error":"open application/routes/enterprise_route_metadata.json: no such file or directory"}
{"level":"WARN","ts":"2026-02-15T01:22:33.512+0530","caller":"logger/logger.go:185","msg":"Failed to load enterprise route metadata from config, enterprise authorization may be limited","error":"open application/routes/enterprise_route_metadata.json: no such file or directory"}
{"level":"DEBUG","ts":"2026-02-15T01:22:44.289+0530","caller":"initializer/manager.go:63","msg":"Local DB already initialized on manager"}
{"level":"INFO","ts":"2026-02-15T01:22:44.293+0530","caller":"initializer/manager.go:151","msg":"config folder exists"}
{"level":"INFO","ts":"2026-02-15T01:22:44.293+0530","caller":"initializer/manager.go:206","msg":"Casbin initialized on manager","policy":"config/casbin_rbac_policy.csv"}
{"level":"INFO","ts":"2026-02-15T01:22:44.293+0530","caller":"enterprise/setup.go:133","msg":"Route registry initialized"}
{"level":"INFO","ts":"2026-02-15T01:22:44.293+0530","caller":"enterprise/setup.go:161","msg":"Policy validator initialized","policy_file":"config/casbin_rbac_policy.csv"}
{"level":"INFO","ts":"2026-02-15T01:22:44.295+0530","caller":"enterprise/setup.go:184","msg":"Audit repository initialized","existing_logs":0}
{"level":"INFO","ts":"2026-02-15T01:22:44.295+0530","caller":"enterprise/setup.go:221","msg":"In-memory rate limiter initialized","default_limit":60,"burst_allowance":20}
{"level":"INFO","ts":"2026-02-15T01:22:44.295+0530","caller":"enterprise/setup.go:249","msg":"Enterprise auth middleware initialized","audit_logging":true,"rate_limiting":true,"deprecation_check":true}
{"level":"INFO","ts":"2026-02-15T01:22:44.295+0530","caller":"enterprise/setup.go:117","msg":"Enterprise authorization setup completed","environment":"development","audit_logging":true,"rate_limiting":true,"deprecation_check":true}
{"level":"WARN","ts":"2026-02-15T01:22:44.295+0530","caller":"enterprise/route_metadata_loader.go:24","msg":"No enterprise config provided using default config"}
{"level":"WARN","ts":"2026-02-15T01:22:44.295+0530","caller":"logger/logger.go:185","msg":"Enterprise route metadata config file not found, using compatibility mode","path":"application/routes/enterprise_route_metadata.json","error":"open application/routes/enterprise_route_metadata.json: no such file or directory"}
{"level":"WARN","ts":"2026-02-15T01:22:44.295+0530","caller":"logger/logger.go:185","msg":"Failed to load enterprise route metadata from config, enterprise authorization may be limited","error":"open application/routes/enterprise_route_metadata.json: no such file or directory"}
{"level":"INFO","ts":"2026-02-15T01:22:54.582+0530","caller":"enterprise/enterprise_auth_middleware.go:98","msg":"Path Notmalization Cheking","path before normalization":"/favicon.ico","path after normalization":"/favicon.ico"}
{"level":"WARN","ts":"2026-02-15T01:22:54.583+0530","caller":"enterprise/enterprise_auth_middleware.go:453","msg":"Unauthorized access attempt","request_id":"91035c25-7fe3-49c0-a0ff-d6f1a1f01b82","path":"/favicon.ico","message":"User role not found"}
{"level":"ERROR","ts":"2026-02-15T01:22:54.588+0530","caller":"middleware/api_usage_tracking.go:169","msg":"Failed to store API usage log","endpoint":"/favicon.ico","error":"Error 1146 (42S02): Table 'skvms.api_usage_logs' doesn't exist","stacktrace":"github.com/aruncs31s/azf/application/middleware.storeAPIUsageLog\n\t/home/aruncs/go/pkg/mod/github.com/aruncs31s/azf@v0.0.9/application/middleware/api_usage_tracking.go:169"}
{"level":"ERROR","ts":"2026-02-15T01:22:54.590+0530","caller":"middleware/api_usage_tracking.go:177","msg":"Falied to store API Stats","stacktrace":"github.com/aruncs31s/azf/application/middleware.storeAPIUsageLog\n\t/home/aruncs/go/pkg/mod/github.com/aruncs31s/azf@v0.0.9/application/middleware/api_usage_tracking.go:177"}
{"level":"DEBUG","ts":"2026-02-15T01:28:11.439+0530","caller":"initializer/manager.go:63","msg":"Local DB already initialized on manager"}
{"level":"INFO","ts":"2026-02-15T01:28:11.444+0530","caller":"initializer/manager.go:151","msg":"config folder exists"}
{"level":"INFO","ts":"2026-02-15T01:28:11.444+0530","caller":"initializer/manager.go:206","msg":"Casbin initialized on manager","policy":"config/casbin_rbac_policy.csv"}
{"level":"INFO","ts":"2026-02-15T01:28:11.444+0530","caller":"enterprise/setup.go:133","msg":"Route registry initialized"}
{"level":"INFO","ts":"2026-02-15T01:28:11.444+0530","caller":"enterprise/setup.go:161","msg":"Policy validator initialized","policy_file":"config/casbin_rbac_policy.csv"}
{"level":"INFO","ts":"2026-02-15T01:28:11.445+0530","caller":"enterprise/setup.go:184","msg":"Audit repository initialized","existing_logs":0}
{"level":"INFO","ts":"2026-02-15T01:28:11.445+0530","caller":"enterprise/setup.go:221","msg":"In-memory rate limiter initialized","default_limit":60,"burst_allowance":20}
{"level":"INFO","ts":"2026-02-15T01:28:11.445+0530","caller":"enterprise/setup.go:249","msg":"Enterprise auth middleware initialized","audit_logging":true,"rate_limiting":true,"deprecation_check":true}
{"level":"INFO","ts":"2026-02-15T01:28:11.445+0530","caller":"enterprise/setup.go:117","msg":"Enterprise authorization setup completed","environment":"development","audit_logging":true,"rate_limiting":true,"deprecation_check":true}
{"level":"WARN","ts":"2026-02-15T01:28:11.445+0530","caller":"enterprise/route_metadata_loader.go:24","msg":"No enterprise config provided using default config"}
{"level":"WARN","ts":"2026-02-15T01:28:11.445+0530","caller":"logger/logger.go:185","msg":"Enterprise route metadata config file not found, using compatibility mode","path":"application/routes/enterprise_route_metadata.json","error":"open application/routes/enterprise_route_metadata.json: no such file or directory"}
{"level":"WARN","ts":"2026-02-15T01:28:11.445+0530","caller":"logger/logger.go:185","msg":"Failed to load enterprise route metadata from config, enterprise authorization may be limited","error":"open application/routes/enterprise_route_metadata.json: no such file or directory"}
{"level":"DEBUG","ts":"2026-02-15T01:28:25.401+0530","caller":"initializer/manager.go:63","msg":"Local DB already initialized on manager"}
{"level":"INFO","ts":"2026-02-15T01:28:25.401+0530","caller":"initializer/manager.go:151","msg":"config folder exists"}
{"level":"INFO","ts":"2026-02-15T01:28:25.402+0530","caller":"initializer/manager.go:206","msg":"Casbin initialized on manager","policy":"config/casbin_rbac_policy.csv"}
{"level":"INFO","ts":"2026-02-15T01:28:25.402+0530","caller":"enterprise/setup.go:133","msg":"Route registry initialized"}
{"level":"INFO","ts":"2026-02-15T01:28:25.402+0530","caller":"enterprise/setup.go:161","msg":"Policy validator initialized","policy_file":"config/casbin_rbac_policy.csv"}
{"level":"INFO","ts":"2026-02-15T01:28:25.402+0530","caller":"enterprise/setup.go:184","msg":"Audit repository initialized","existing_logs":0}
{"level":"INFO","ts":"2026-02-15T01:28:25.402+0530","caller":"enterprise/setup.go:221","msg":"In-memory rate limiter initialized","default_limit":60,"burst_allowance":20}
{"level":"INFO","ts":"2026-02-15T01:28:25.403+0530","caller":"enterprise/setup.go:249","msg":"Enterprise auth middleware initialized","audit_logging":true,"rate_limiting":true,"deprecation_check":true}
{"level":"INFO","ts":"2026-02-15T01:28:25.403+0530","caller":"enterprise/setup.go:117","msg":"Enterprise authorization setup completed","environment":"development","audit_logging":true,"rate_limiting":true,"deprecation_check":true}
{"level":"WARN","ts":"2026-02-15T01:28:25.403+0530","caller":"enterprise/route_metadata_loader.go:24","msg":"No enterprise config provided using default config"}
{"level":"WARN","ts":"2026-02-15T01:28:25.403+0530","caller":"logger/logger.go:185","msg":"Enterprise route metadata config file not found, using compatibility mode","path":"application/routes/enterprise_route_metadata.json","error":"open application/routes/enterprise_route_metadata.json: no such file or directory"}
{"level":"WARN","ts":"2026-02-15T01:28:25.403+0530","caller":"logger/logger.go:185","msg":"Failed to load enterprise route metadata from config, enterprise authorization may be limited","error":"open application/routes/enterprise_route_metadata.json: no such file or directory"}
{"level":"ERROR","ts":"2026-02-15T01:31:46.251+0530","caller":"service/api_usage_analytics_service.go:69","msg":"Failed to get endpoints by response time","error":"Error 1146 (42S02): Table 'skvms.api_usage_stats' doesn't exist","stacktrace":"github.com/aruncs31s/azf/application/service.(*apiUsageAnalyticsService).GetEndpointsByResponseTime\n\t/home/aruncs/go/pkg/mod/github.com/aruncs31s/azf@v0.0.9/application/service/api_usage_analytics_service.go:69\ngithub.com/aruncs31s/azf/application/handler.(*performanceHandler).GetAPIAnalyticsPage\n\t/home/aruncs/go/pkg/mod/github.com/aruncs31s/azf@v0.0.9/application/handler/admin_ui.go:162\ngithub.com/gin-gonic/gin.(*Context).Next\n\t/home/aruncs/go/pkg/mod/github.com/gin-gonic/gin@v1.11.0/context.go:192\ngithub.com/aruncs31s/azf.SetupUI.CheckAdminAuth.func3\n\t/home/aruncs/go/pkg/mod/github.com/aruncs31s/azf@v0.0.9/application/middleware/admin_auth_middleware.go:72\ngithub.com/gin-gonic/gin.(*Context).Next\n\t/home/aruncs/go/pkg/mod/github.com/gin-gonic/gin@v1.11.0/context.go:192\ngithub.com/aruncs31s/azf.SetApiTrackingMiddleware.APIUsageTrackingMiddleware.func1\n\t/home/aruncs/go/pkg/mod/github.com/aruncs31s/azf@v0.0.9/application/middleware/api_usage_tracking.go:52\ngithub.com/gin-gonic/gin.(*Context).Next\n\t/home/aruncs/go/pkg/mod/github.com/gin-gonic/gin@v1.11.0/context.go:192\ngithub.com/gin-gonic/gin.CustomRecoveryWithWriter.func1\n\t/home/aruncs/go/pkg/mod/github.com/gin-gonic/gin@v1.11.0/recovery.go:92\ngithub.com/gin-gonic/gin.(*Context).Next\n\t/home/aruncs/go/pkg/mod/github.com/gin-gonic/gin@v1.11.0/context.go:192\ngithub.com/gin-gonic/gin.LoggerWithConfig.func1\n\t/home/aruncs/go/pkg/mod/github.com/gin-gonic/gin@v1.11.0/logger.go:249\ngithub.com/gin-gonic/gin.(*Context).Next\n\t/home/aruncs/go/pkg/mod/github.com/gin-gonic/gin@v1.11.0/context.go:192\ngithub.com/gin-gonic/gin.(*Engine).handleHTTPRequest\n\t/home/aruncs/go/pkg/mod/github.com/gin-gonic/gin@v1.11.0/gin.go:689\ngithub.com/gin-gonic/gin.(*Engine).ServeHTTP\n\t/home/aruncs/go/pkg/mod/github.com/gin-gonic/gin@v1.11.0/gin.go:643\nnet/http.serverHandler.ServeHTTP\n\t/usr/lib/go/src/net/http/server.go:3340\nnet/http.(*conn).serve\n\t/usr/lib/go/src/net/http/server.go:2109"}
{"level":"ERROR","ts":"2026-02-15T01:31:46.256+0530","caller":"middleware/api_usage_tracking.go:169","msg":"Failed to store API usage log","endpoint":"/admin-ui/api_analytics","error":"Error 1146 (42S02): Table 'skvms.api_usage_logs' doesn't exist","stacktrace":"github.com/aruncs31s/azf/application/middleware.storeAPIUsageLog\n\t/home/aruncs/go/pkg/mod/github.com/aruncs31s/azf@v0.0.9/application/middleware/api_usage_tracking.go:169"}
{"level":"ERROR","ts":"2026-02-15T01:31:46.257+0530","caller":"middleware/api_usage_tracking.go:177","msg":"Falied to store API Stats","stacktrace":"github.com/aruncs31s/azf/application/middleware.storeAPIUsageLog\n\t/home/aruncs/go/pkg/mod/github.com/aruncs31s/azf@v0.0.9/application/middleware/api_usage_tracking.go:177"}
{"level":"INFO","ts":"2026-02-15T01:31:46.410+0530","caller":"enterprise/enterprise_auth_middleware.go:98","msg":"Path Notmalization Cheking","path before normalization":"/favicon.ico","path after normalization":"/favicon.ico"}
{"level":"WARN","ts":"2026-02-15T01:31:46.410+0530","caller":"enterprise/enterprise_auth_middleware.go:453","msg":"Unauthorized access attempt","request_id":"2f8a2706-8c5d-49cd-9685-64ef17ff235f","path":"/favicon.ico","message":"User role not found"}
{"level":"ERROR","ts":"2026-02-15T01:31:46.413+0530","caller":"middleware/api_usage_tracking.go:169","msg":"Failed to store API usage log","endpoint":"/favicon.ico","error":"Error 1146 (42S02): Table 'skvms.api_usage_logs' doesn't exist","stacktrace":"github.com/aruncs31s/azf/application/middleware.storeAPIUsageLog\n\t/home/aruncs/go/pkg/mod/github.com/aruncs31s/azf@v0.0.9/application/middleware/api_usage_tracking.go:169"}
{"level":"ERROR","ts":"2026-02-15T01:31:46.414+0530","caller":"middleware/api_usage_tracking.go:177","msg":"Falied to store API Stats","stacktrace":"github.com/aruncs31s/azf/application/middleware.storeAPIUsageLog\n\t/home/aruncs/go/pkg/mod/github.com/aruncs31s/azf@v0.0.9/application/middleware/api_usage_tracking.go:177"}
{"level":"INFO","ts":"2026-02-15T01:31:48.719+0530","caller":"enterprise/enterprise_auth_middleware.go:98","msg":"Path Notmalization Cheking","path before normalization":"/favicon.ico","path after normalization":"/favicon.ico"}
{"level":"WARN","ts":"2026-02-15T01:31:48.719+0530","caller":"enterprise/enterprise_auth_middleware.go:453","msg":"Unauthorized access attempt","request_id":"6c4ac8ec-310e-4e19-85c5-6d13d5a4da72","path":"/favicon.ico","message":"User role not found"}
{"level":"ERROR","ts":"2026-02-15T01:31:48.721+0530","caller":"middleware/api_usage_tracking.go:169","msg":"Failed to store API usage log","endpoint":"/favicon.ico","error":"Error 1146 (42S02): Table 'skvms.api_usage_logs' doesn't exist","stacktrace":"github.com/aruncs31s/azf/application/middleware.storeAPIUsageLog\n\t/home/aruncs/go/pkg/mod/github.com/aruncs31s/azf@v0.0.9/application/middleware/api_usage_tracking.go:169"}
{"level":"ERROR","ts":"2026-02-15T01:31:48.722+0530","caller":"middleware/api_usage_tracking.go:177","msg":"Falied to store API Stats","stacktrace":"github.com/aruncs31s/azf/application/middleware.storeAPIUsageLog\n\t/home/aruncs/go/pkg/mod/github.com/aruncs31s/azf@v0.0.9/application/middleware/api_usage_tracking.go:177"}
{"level":"INFO","ts":"2026-02-15T01:31:49.447+0530","caller":"enterprise/enterprise_auth_middleware.go:98","msg":"Path Notmalization Cheking","path before normalization":"/favicon.ico","path after normalization":"/favicon.ico"}
{"level":"WARN","ts":"2026-02-15T01:31:49.448+0530","caller":"enterprise/enterprise_auth_middleware.go:453","msg":"Unauthorized access attempt","request_id":"5222c94d-4de7-40ad-a505-ee51a929ebed","path":"/favicon.ico","message":"User role not found"}
{"level":"ERROR","ts":"2026-02-15T01:31:49.450+0530","caller":"middleware/api_usage_tracking.go:169","msg":"Failed to store API usage log","endpoint":"/favicon.ico","error":"Error 1146 (42S02): Table 'skvms.api_usage_logs' doesn't exist","stacktrace":"github.com/aruncs31s/azf/application/middleware.storeAPIUsageLog\n\t/home/aruncs/go/pkg/mod/github.com/aruncs31s/azf@v0.0.9/application/middleware/api_usage_tracking.go:169"}
{"level":"ERROR","ts":"2026-02-15T01:31:49.450+0530","caller":"middleware/api_usage_tracking.go:177","msg":"Falied to store API Stats","stacktrace":"github.com/aruncs31s/azf/application/middleware.storeAPIUsageLog\n\t/home/aruncs/go/pkg/mod/github.com/aruncs31s/azf@v0.0.9/application/middleware/api_usage_tracking.go:177"}
{"level":"ERROR","ts":"2026-02-15T01:31:51.490+0530","caller":"middleware/api_usage_tracking.go:169","msg":"Failed to store API usage log","endpoint":"/admin-ui/oauth/google","error":"Error 1146 (42S02): Table 'skvms.api_usage_logs' doesn't exist","stacktrace":"github.com/aruncs31s/azf/application/middleware.storeAPIUsageLog\n\t/home/aruncs/go/pkg/mod/github.com/aruncs31s/azf@v0.0.9/application/middleware/api_usage_tracking.go:169"}
{"level":"ERROR","ts":"2026-02-15T01:31:51.490+0530","caller":"middleware/api_usage_tracking.go:177","msg":"Falied to store API Stats","stacktrace":"github.com/aruncs31s/azf/application/middleware.storeAPIUsageLog\n\t/home/aruncs/go/pkg/mod/github.com/aruncs31s/azf@v0.0.9/application/middleware/api_usage_tracking.go:177"}
{"level":"INFO","ts":"2026-02-15T01:31:51.575+0530","caller":"enterprise/enterprise_auth_middleware.go:98","msg":"Path Notmalization Cheking","path before normalization":"/favicon.ico","path after normalization":"/favicon.ico"}
{"level":"WARN","ts":"2026-02-15T01:31:51.575+0530","caller":"enterprise/enterprise_auth_middleware.go:453","msg":"Unauthorized access attempt","request_id":"26899305-ded5-4bb8-92e3-4b79588325d8","path":"/favicon.ico","message":"User role not found"}
{"level":"ERROR","ts":"2026-02-15T01:31:51.576+0530","caller":"middleware/api_usage_tracking.go:169","msg":"Failed to store API usage log","endpoint":"/favicon.ico","error":"Error 1146 (42S02): Table 'skvms.api_usage_logs' doesn't exist","stacktrace":"github.com/aruncs31s/azf/application/middleware.storeAPIUsageLog\n\t/home/aruncs/go/pkg/mod/github.com/aruncs31s/azf@v0.0.9/application/middleware/api_usage_tracking.go:169"}
{"level":"ERROR","ts":"2026-02-15T01:31:51.582+0530","caller":"middleware/api_usage_tracking.go:177","msg":"Falied to store API Stats","stacktrace":"github.com/aruncs31s/azf/application/middleware.storeAPIUsageLog\n\t/home/aruncs/go/pkg/mod/github.com/aruncs31s/azf@v0.0.9/application/middleware/api_usage_tracking.go:177"}
{"level":"INFO","ts":"2026-02-15T01:31:55.011+0530","caller":"enterprise/enterprise_auth_middleware.go:98","msg":"Path Notmalization Cheking","path before normalization":"/favicon.ico","path after normalization":"/favicon.ico"}
{"level":"WARN","ts":"2026-02-15T01:31:55.011+0530","caller":"enterprise/enterprise_auth_middleware.go:453","msg":"Unauthorized access attempt","request_id":"44694750-8ad7-4741-97a4-789078af86da","path":"/favicon.ico","message":"User role not found"}
{"level":"ERROR","ts":"2026-02-15T01:31:55.013+0530","caller":"middleware/api_usage_tracking.go:169","msg":"Failed to store API usage log","endpoint":"/favicon.ico","error":"Error 1146 (42S02): Table 'skvms.api_usage_logs' doesn't exist","stacktrace":"github.com/aruncs31s/azf/application/middleware.storeAPIUsageLog\n\t/home/aruncs/go/pkg/mod/github.com/aruncs31s/azf@v0.0.9/application/middleware/api_usage_tracking.go:169"}
{"level":"ERROR","ts":"2026-02-15T01:31:55.014+0530","caller":"middleware/api_usage_tracking.go:177","msg":"Falied to store API Stats","stacktrace":"github.com/aruncs31s/azf/application/middleware.storeAPIUsageLog\n\t/home/aruncs/go/pkg/mod/github.com/aruncs31s/azf@v0.0.9/application/middleware/api_usage_tracking.go:177"}
{"level":"DEBUG","ts":"2026-02-15T01:38:31.828+0530","caller":"initializer/manager.go:63","msg":"Local DB already initialized on manager"}
{"level":"INFO","ts":"2026-02-15T01:38:31.829+0530","caller":"initializer/manager.go:151","msg":"config folder exists"}
{"level":"INFO","ts":"2026-02-15T01:38:31.830+0530","caller":"initializer/manager.go:206","msg":"Casbin initialized on manager","policy":"config/casbin_rbac_policy.csv"}
{"level":"INFO","ts":"2026-02-15T01:38:31.830+0530","caller":"enterprise/setup.go:133","msg":"Route registry initialized"}
{"level":"INFO","ts":"2026-02-15T01:38:31.830+0530","caller":"enterprise/setup.go:161","msg":"Policy validator initialized","policy_file":"config/casbin_rbac_policy.csv"}
{"level":"INFO","ts":"2026-02-15T01:38:31.832+0530","caller":"enterprise/setup.go:184","msg":"Audit repository initialized","existing_logs":0}
{"level":"INFO","ts":"2026-02-15T01:38:31.832+0530","caller":"enterprise/setup.go:221","msg":"In-memory rate limiter initialized","default_limit":60,"burst_allowance":20}
{"level":"INFO","ts":"2026-02-15T01:38:31.832+0530","caller":"enterprise/setup.go:249","msg":"Enterprise auth middleware initialized","audit_logging":true,"rate_limiting":true,"deprecation_check":true}
{"level":"INFO","ts":"2026-02-15T01:38:31.832+0530","caller":"enterprise/setup.go:117","msg":"Enterprise authorization setup completed","environment":"development","audit_logging":true,"rate_limiting":true,"deprecation_check":true}
{"level":"WARN","ts":"2026-02-15T01:38:31.832+0530","caller":"enterprise/route_metadata_loader.go:24","msg":"No enterprise config provided using default config"}
{"level":"WARN","ts":"2026-02-15T01:38:31.832+0530","caller":"logger/logger.go:185","msg":"Enterprise route metadata config file not found, using compatibility mode","path":"application/routes/enterprise_route_metadata.json","error":"open application/routes/enterprise_route_metadata.json: no such file or directory"}
{"level":"WARN","ts":"2026-02-15T01:38:31.832+0530","caller":"logger/logger.go:185","msg":"Failed to load enterprise route metadata from config, enterprise authorization may be limited","error":"open application/routes/enterprise_route_metadata.json: no such file or directory"}
